
  ___  ____  ____  ____  ____ ®
 /__    /   ____/   /   ____/      StataNow 18.5
___/   /   /___/   /   /___/       MP—Parallel Edition

 Statistics and Data Science       Copyright 1985-2023 StataCorp LLC
                                   StataCorp
                                   4905 Lakeway Drive
                                   College Station, Texas 77845 USA
                                   800-782-8272        https://www.stata.com
                                   979-696-4600        service@stata.com

Stata license: Unlimited-user 2-core network, expiring 29 Jan 2026
Serial number: 501809305331
  Licensed to: Tom Palmer
               University of Bristol

Notes:
      1. Stata is running in batch mode.
      2. Unicode is supported; see help unicode_advice.
      3. More than 2 billion observations are allowed; see help obs_advice.
      4. Maximum number of variables is set to 5,000 but can be increased;
          see help set_maxvar.

. do about.do 

. about

StataNow/MP 18.5 for Unix (Apple Silicon)
Revision 26 Feb 2025
Copyright 1985-2023 StataCorp LLC

Total usable memory: 16.00 GB

Stata license: Unlimited-user 2-core network, expiring 29 Jan 2026
Serial number: 501809305331
  Licensed to: Tom Palmer
               University of Bristol

. 
end of do-file
