
  ___  ____  ____  ____  ____ ®
 /__    /   ____/   /   ____/      StataNow 19.5
___/   /   /___/   /   /___/       MP—Parallel Edition

 Statistics and Data Science       Copyright 1985-2025 StataCorp LLC
                                   StataCorp
                                   4905 Lakeway Drive
                                   College Station, Texas 77845 USA
                                   800-782-8272        https://www.stata.com
                                   979-696-4600        service@stata.com

Stata license: Unlimited-user 2-core network, expiring 29 Jan 2026
Serial number: 501909307934
  Licensed to: Tom Palmer
               University of Bristol

Notes:
      1. Unicode is supported; see help unicode_advice.
      2. More than 2 billion observations are allowed; see help obs_advice.
      3. Maximum number of variables is set to 5,000 but can be increased;
          see help set_maxvar.
-------------------------------------------------------------------------------
    Python Settings
      set python_exec      /Users/tom/Documents/GitHub/stata-venv-python-bug/sp
> ace in-filepath/.venv/bin/python
      set python_userpath  

    Python system information
      initialized          yes
      version              3.13.3
      architecture         64-bit
      library path         /Users/tom/.local/share/uv/python/cpython-3.13.3-mac
> os-aarch64-none/lib/libpython3.13.dylib
